Determining if the pthread_create exist failed with the following output:
Change Dir: /home/chihmin/vfx/hw2/code/build/CMakeFiles/CMakeTmp

Run Build Command:"/usr/bin/make" "cmTC_76012/fast"
/usr/bin/make -f CMakeFiles/cmTC_76012.dir/build.make CMakeFiles/cmTC_76012.dir/build
make[1]: Entering directory '/home/chihmin/vfx/hw2/code/build/CMakeFiles/CMakeTmp'
Building C object CMakeFiles/cmTC_76012.dir/CheckSymbolExists.c.o
/usr/bin/cc    -fPIC    -o CMakeFiles/cmTC_76012.dir/CheckSymbolExists.c.o   -c /home/chihmin/vfx/hw2/code/build/CMakeFiles/CMakeTmp/CheckSymbolExists.c
Linking C executable cmTC_76012
/usr/bin/cmake -E cmake_link_script CMakeFiles/cmTC_76012.dir/link.txt --verbose=1
/usr/bin/cc  -fPIC     CMakeFiles/cmTC_76012.dir/CheckSymbolExists.c.o  -o cmTC_76012 
CMakeFiles/cmTC_76012.dir/CheckSymbolExists.c.o: In function `main':
CheckSymbolExists.c:(.text+0x1b): undefined reference to `pthread_create'
collect2: error: ld returned 1 exit status
CMakeFiles/cmTC_76012.dir/build.make:97: recipe for target 'cmTC_76012' failed
make[1]: *** [cmTC_76012] Error 1
make[1]: Leaving directory '/home/chihmin/vfx/hw2/code/build/CMakeFiles/CMakeTmp'
Makefile:126: recipe for target 'cmTC_76012/fast' failed
make: *** [cmTC_76012/fast] Error 2

File /home/chihmin/vfx/hw2/code/build/CMakeFiles/CMakeTmp/CheckSymbolExists.c:
/* */
#include <pthread.h>

int main(int argc, char** argv)
{
  (void)argv;
#ifndef pthread_create
  return ((int*)(&pthread_create))[argc];
#else
  (void)argc;
  return 0;
#endif
}

Determining if the function pthread_create exists in the pthreads failed with the following output:
Change Dir: /home/chihmin/vfx/hw2/code/build/CMakeFiles/CMakeTmp

Run Build Command:"/usr/bin/make" "cmTC_7f0f3/fast"
/usr/bin/make -f CMakeFiles/cmTC_7f0f3.dir/build.make CMakeFiles/cmTC_7f0f3.dir/build
make[1]: Entering directory '/home/chihmin/vfx/hw2/code/build/CMakeFiles/CMakeTmp'
Building C object CMakeFiles/cmTC_7f0f3.dir/CheckFunctionExists.c.o
/usr/bin/cc    -fPIC -DCHECK_FUNCTION_EXISTS=pthread_create   -o CMakeFiles/cmTC_7f0f3.dir/CheckFunctionExists.c.o   -c /usr/share/cmake-3.5/Modules/CheckFunctionExists.c
Linking C executable cmTC_7f0f3
/usr/bin/cmake -E cmake_link_script CMakeFiles/cmTC_7f0f3.dir/link.txt --verbose=1
/usr/bin/cc  -fPIC -DCHECK_FUNCTION_EXISTS=pthread_create    CMakeFiles/cmTC_7f0f3.dir/CheckFunctionExists.c.o  -o cmTC_7f0f3 -lpthreads 
/usr/bin/ld: cannot find -lpthreads
collect2: error: ld returned 1 exit status
CMakeFiles/cmTC_7f0f3.dir/build.make:97: recipe for target 'cmTC_7f0f3' failed
make[1]: *** [cmTC_7f0f3] Error 1
make[1]: Leaving directory '/home/chihmin/vfx/hw2/code/build/CMakeFiles/CMakeTmp'
Makefile:126: recipe for target 'cmTC_7f0f3/fast' failed
make: *** [cmTC_7f0f3/fast] Error 2


